29-Jan-2020 08:03:13.283 INFO [http-nio-8080-exec-3] org.apache.coyote.http11.Http11Processor.service Error parsing HTTP request header
 Note: further occurrences of HTTP request parsing errors will be logged at DEBUG level.
	java.lang.IllegalArgumentException: Invalid character found in method name. HTTP method names must be tokens
		at org.apache.coyote.http11.Http11InputBuffer.parseRequestLine(Http11InputBuffer.java:430)
		at org.apache.coyote.http11.Http11Processor.service(Http11Processor.java:502)
		at org.apache.coyote.AbstractProcessorLight.process(AbstractProcessorLight.java:65)
		at org.apache.coyote.AbstractProtocol$ConnectionHandler.process(AbstractProtocol.java:810)
		at org.apache.tomcat.util.net.NioEndpoint$SocketProcessor.doRun(NioEndpoint.java:1623)
		at org.apache.tomcat.util.net.SocketProcessorBase.run(SocketProcessorBase.java:49)
		at java.util.concurrent.ThreadPoolExecutor.runWorker(ThreadPoolExecutor.java:1149)
		at java.util.concurrent.ThreadPoolExecutor$Worker.run(ThreadPoolExecutor.java:624)
		at org.apache.tomcat.util.threads.TaskThread$WrappingRunnable.run(TaskThread.java:61)
		at java.lang.Thread.run(Thread.java:748)
29-Jan-2020 15:02:43.344 WARNING [http-nio-8080-exec-5] org.apache.catalina.realm.LockOutRealm.filterLockedAccounts An attempt was made to authenticate the locked user [tomcat]
29-Jan-2020 15:02:53.031 WARNING [http-nio-8080-exec-9] org.apache.catalina.realm.LockOutRealm.filterLockedAccounts An attempt was made to authenticate the locked user [tomcat]
29-Jan-2020 15:03:18.766 WARNING [http-nio-8080-exec-7] org.apache.catalina.realm.LockOutRealm.filterLockedAccounts An attempt was made to authenticate the locked user [tomcat]
29-Jan-2020 15:40:37.981 INFO [main] org.apache.catalina.core.StandardServer.await A valid shutdown command was received via the shutdown port. Stopping the Server instance.
29-Jan-2020 15:40:37.982 INFO [main] org.apache.coyote.AbstractProtocol.pause Pausing ProtocolHandler ["http-nio-8080"]
29-Jan-2020 15:40:37.989 INFO [main] org.apache.coyote.AbstractProtocol.pause Pausing ProtocolHandler ["ajp-nio-8009"]
29-Jan-2020 15:40:37.995 INFO [main] org.apache.catalina.core.StandardService.stopInternal Stopping service [Catalina]
29-Jan-2020 15:40:38.015 INFO [main] org.apache.coyote.AbstractProtocol.stop Stopping ProtocolHandler ["http-nio-8080"]
29-Jan-2020 15:40:38.016 INFO [main] org.apache.coyote.AbstractProtocol.stop Stopping ProtocolHandler ["ajp-nio-8009"]
29-Jan-2020 15:40:38.018 INFO [main] org.apache.coyote.AbstractProtocol.destroy Destroying ProtocolHandler ["http-nio-8080"]
29-Jan-2020 15:40:38.019 INFO [main] org.apache.coyote.AbstractProtocol.destroy Destroying ProtocolHandler ["ajp-nio-8009"]
29-Jan-2020 15:40:46.851 INFO [main] org.apache.catalina.startup.VersionLoggerListener.log Server version name:   Apache Tomcat/8.5.50
29-Jan-2020 15:40:46.853 INFO [main] org.apache.catalina.startup.VersionLoggerListener.log Server built:          Dec 7 2019 19:19:46 UTC
29-Jan-2020 15:40:46.853 INFO [main] org.apache.catalina.startup.VersionLoggerListener.log Server version number: 8.5.50.0
29-Jan-2020 15:40:46.853 INFO [main] org.apache.catalina.startup.VersionLoggerListener.log OS Name:               Linux
29-Jan-2020 15:40:46.853 INFO [main] org.apache.catalina.startup.VersionLoggerListener.log OS Version:            3.10.0-1062.9.1.el7.x86_64
29-Jan-2020 15:40:46.853 INFO [main] org.apache.catalina.startup.VersionLoggerListener.log Architecture:          amd64
29-Jan-2020 15:40:46.853 INFO [main] org.apache.catalina.startup.VersionLoggerListener.log Java Home:             /usr/lib/jvm/java-1.8.0-openjdk-1.8.0.232.b09-0.el7_7.x86_64/jre
29-Jan-2020 15:40:46.853 INFO [main] org.apache.catalina.startup.VersionLoggerListener.log JVM Version:           1.8.0_232-b09
29-Jan-2020 15:40:46.854 INFO [main] org.apache.catalina.startup.VersionLoggerListener.log JVM Vendor:            Oracle Corporation
29-Jan-2020 15:40:46.854 INFO [main] org.apache.catalina.startup.VersionLoggerListener.log CATALINA_BASE:         /opt/apache-tomcat-8.5.50
29-Jan-2020 15:40:46.854 INFO [main] org.apache.catalina.startup.VersionLoggerListener.log CATALINA_HOME:         /opt/apache-tomcat-8.5.50
29-Jan-2020 15:40:46.854 INFO [main] org.apache.catalina.startup.VersionLoggerListener.log Command line argument: -Djava.util.logging.config.file=/opt/apache-tomcat-8.5.50/conf/logging.properties
29-Jan-2020 15:40:46.854 INFO [main] org.apache.catalina.startup.VersionLoggerListener.log Command line argument: -Djava.util.logging.manager=org.apache.juli.ClassLoaderLogManager
29-Jan-2020 15:40:46.854 INFO [main] org.apache.catalina.startup.VersionLoggerListener.log Command line argument: -Djdk.tls.ephemeralDHKeySize=2048
29-Jan-2020 15:40:46.854 INFO [main] org.apache.catalina.startup.VersionLoggerListener.log Command line argument: -Djava.protocol.handler.pkgs=org.apache.catalina.webresources
29-Jan-2020 15:40:46.854 INFO [main] org.apache.catalina.startup.VersionLoggerListener.log Command line argument: -Dorg.apache.catalina.security.SecurityListener.UMASK=0027
29-Jan-2020 15:40:46.854 INFO [main] org.apache.catalina.startup.VersionLoggerListener.log Command line argument: -Dignore.endorsed.dirs=
29-Jan-2020 15:40:46.854 INFO [main] org.apache.catalina.startup.VersionLoggerListener.log Command line argument: -Dcatalina.base=/opt/apache-tomcat-8.5.50
29-Jan-2020 15:40:46.854 INFO [main] org.apache.catalina.startup.VersionLoggerListener.log Command line argument: -Dcatalina.home=/opt/apache-tomcat-8.5.50
29-Jan-2020 15:40:46.854 INFO [main] org.apache.catalina.startup.VersionLoggerListener.log Command line argument: -Djava.io.tmpdir=/opt/apache-tomcat-8.5.50/temp
29-Jan-2020 15:40:46.854 INFO [main] org.apache.catalina.core.AprLifecycleListener.lifecycleEvent The APR based Apache Tomcat Native library which allows optimal performance in production environments was not found on the java.library.path: [/usr/java/packages/lib/amd64:/usr/lib64:/lib64:/lib:/usr/lib]
29-Jan-2020 15:40:46.903 INFO [main] org.apache.coyote.AbstractProtocol.init Initializing ProtocolHandler ["http-nio-8080"]
29-Jan-2020 15:40:46.909 INFO [main] org.apache.tomcat.util.net.NioSelectorPool.getSharedSelector Using a shared selector for servlet write/read
29-Jan-2020 15:40:46.918 INFO [main] org.apache.coyote.AbstractProtocol.init Initializing ProtocolHandler ["ajp-nio-8009"]
29-Jan-2020 15:40:46.918 INFO [main] org.apache.tomcat.util.net.NioSelectorPool.getSharedSelector Using a shared selector for servlet write/read
29-Jan-2020 15:40:46.919 INFO [main] org.apache.catalina.startup.Catalina.load Initialization processed in 313 ms
29-Jan-2020 15:40:46.941 INFO [main] org.apache.catalina.core.StandardService.startInternal Starting service [Catalina]
29-Jan-2020 15:40:46.941 INFO [main] org.apache.catalina.core.StandardEngine.startInternal Starting Servlet Engine: Apache Tomcat/8.5.50
29-Jan-2020 15:40:46.956 INFO [localhost-startStop-1] org.apache.catalina.startup.HostConfig.deployDirectory Deploying web application directory [/opt/apache-tomcat-8.5.50/webapps/ROOT]
29-Jan-2020 15:40:47.137 INFO [localhost-startStop-1] org.apache.catalina.startup.HostConfig.deployDirectory Deployment of web application directory [/opt/apache-tomcat-8.5.50/webapps/ROOT] has finished in [181] ms
29-Jan-2020 15:40:47.137 INFO [localhost-startStop-1] org.apache.catalina.startup.HostConfig.deployDirectory Deploying web application directory [/opt/apache-tomcat-8.5.50/webapps/docs]
29-Jan-2020 15:40:47.147 INFO [localhost-startStop-1] org.apache.catalina.startup.HostConfig.deployDirectory Deployment of web application directory [/opt/apache-tomcat-8.5.50/webapps/docs] has finished in [9] ms
29-Jan-2020 15:40:47.147 INFO [localhost-startStop-1] org.apache.catalina.startup.HostConfig.deployDirectory Deploying web application directory [/opt/apache-tomcat-8.5.50/webapps/examples]
29-Jan-2020 15:40:47.274 INFO [localhost-startStop-1] org.apache.catalina.startup.HostConfig.deployDirectory Deployment of web application directory [/opt/apache-tomcat-8.5.50/webapps/examples] has finished in [127] ms
29-Jan-2020 15:40:47.274 INFO [localhost-startStop-1] org.apache.catalina.startup.HostConfig.deployDirectory Deploying web application directory [/opt/apache-tomcat-8.5.50/webapps/host-manager]
29-Jan-2020 15:40:47.291 INFO [localhost-startStop-1] org.apache.catalina.startup.HostConfig.deployDirectory Deployment of web application directory [/opt/apache-tomcat-8.5.50/webapps/host-manager] has finished in [17] ms
29-Jan-2020 15:40:47.291 INFO [localhost-startStop-1] org.apache.catalina.startup.HostConfig.deployDirectory Deploying web application directory [/opt/apache-tomcat-8.5.50/webapps/manager]
29-Jan-2020 15:40:47.313 INFO [localhost-startStop-1] org.apache.catalina.startup.HostConfig.deployDirectory Deployment of web application directory [/opt/apache-tomcat-8.5.50/webapps/manager] has finished in [22] ms
29-Jan-2020 15:40:47.317 INFO [main] org.apache.coyote.AbstractProtocol.start Starting ProtocolHandler ["http-nio-8080"]
29-Jan-2020 15:40:47.322 INFO [main] org.apache.coyote.AbstractProtocol.start Starting ProtocolHandler ["ajp-nio-8009"]
29-Jan-2020 15:40:47.324 INFO [main] org.apache.catalina.startup.Catalina.start Server startup in 405 ms
29-Jan-2020 17:33:07.727 INFO [ContainerBackgroundProcessor[StandardEngine[Catalina]]] org.apache.catalina.users.MemoryUserDatabase.backgroundProcess Reloading memory user database [UserDatabase] from updated source [file:/opt/apache-tomcat-8.5.50/conf/tomcat-users.xml]
29-Jan-2020 17:33:17.730 INFO [ContainerBackgroundProcessor[StandardEngine[Catalina]]] org.apache.catalina.users.MemoryUserDatabase.backgroundProcess Reloading memory user database [UserDatabase] from updated source [file:/opt/apache-tomcat-8.5.50/conf/tomcat-users.xml]
29-Jan-2020 17:54:27.797 INFO [ContainerBackgroundProcessor[StandardEngine[Catalina]]] org.apache.catalina.users.MemoryUserDatabase.backgroundProcess Reloading memory user database [UserDatabase] from updated source [file:/opt/apache-tomcat-8.5.50/conf/tomcat-users.xml]
29-Jan-2020 17:55:01.271 INFO [main] org.apache.catalina.core.StandardServer.await A valid shutdown command was received via the shutdown port. Stopping the Server instance.
29-Jan-2020 17:55:01.272 INFO [main] org.apache.coyote.AbstractProtocol.pause Pausing ProtocolHandler ["http-nio-8080"]
29-Jan-2020 17:55:01.279 INFO [main] org.apache.coyote.AbstractProtocol.pause Pausing ProtocolHandler ["ajp-nio-8009"]
29-Jan-2020 17:55:01.284 INFO [main] org.apache.catalina.core.StandardService.stopInternal Stopping service [Catalina]
29-Jan-2020 17:55:01.306 INFO [main] org.apache.coyote.AbstractProtocol.stop Stopping ProtocolHandler ["http-nio-8080"]
29-Jan-2020 17:55:01.311 INFO [main] org.apache.coyote.AbstractProtocol.stop Stopping ProtocolHandler ["ajp-nio-8009"]
29-Jan-2020 17:55:01.313 INFO [main] org.apache.coyote.AbstractProtocol.destroy Destroying ProtocolHandler ["http-nio-8080"]
29-Jan-2020 17:55:01.313 INFO [main] org.apache.coyote.AbstractProtocol.destroy Destroying ProtocolHandler ["ajp-nio-8009"]
29-Jan-2020 17:55:10.111 INFO [main] org.apache.catalina.startup.VersionLoggerListener.log Server version name:   Apache Tomcat/8.5.50
29-Jan-2020 17:55:10.112 INFO [main] org.apache.catalina.startup.VersionLoggerListener.log Server built:          Dec 7 2019 19:19:46 UTC
29-Jan-2020 17:55:10.112 INFO [main] org.apache.catalina.startup.VersionLoggerListener.log Server version number: 8.5.50.0
29-Jan-2020 17:55:10.113 INFO [main] org.apache.catalina.startup.VersionLoggerListener.log OS Name:               Linux
29-Jan-2020 17:55:10.113 INFO [main] org.apache.catalina.startup.VersionLoggerListener.log OS Version:            3.10.0-1062.9.1.el7.x86_64
29-Jan-2020 17:55:10.113 INFO [main] org.apache.catalina.startup.VersionLoggerListener.log Architecture:          amd64
29-Jan-2020 17:55:10.113 INFO [main] org.apache.catalina.startup.VersionLoggerListener.log Java Home:             /usr/lib/jvm/java-1.8.0-openjdk-1.8.0.232.b09-0.el7_7.x86_64/jre
29-Jan-2020 17:55:10.113 INFO [main] org.apache.catalina.startup.VersionLoggerListener.log JVM Version:           1.8.0_232-b09
29-Jan-2020 17:55:10.113 INFO [main] org.apache.catalina.startup.VersionLoggerListener.log JVM Vendor:            Oracle Corporation
29-Jan-2020 17:55:10.113 INFO [main] org.apache.catalina.startup.VersionLoggerListener.log CATALINA_BASE:         /opt/apache-tomcat-8.5.50
29-Jan-2020 17:55:10.113 INFO [main] org.apache.catalina.startup.VersionLoggerListener.log CATALINA_HOME:         /opt/apache-tomcat-8.5.50
29-Jan-2020 17:55:10.113 INFO [main] org.apache.catalina.startup.VersionLoggerListener.log Command line argument: -Djava.util.logging.config.file=/opt/apache-tomcat-8.5.50/conf/logging.properties
29-Jan-2020 17:55:10.113 INFO [main] org.apache.catalina.startup.VersionLoggerListener.log Command line argument: -Djava.util.logging.manager=org.apache.juli.ClassLoaderLogManager
29-Jan-2020 17:55:10.113 INFO [main] org.apache.catalina.startup.VersionLoggerListener.log Command line argument: -Djdk.tls.ephemeralDHKeySize=2048
29-Jan-2020 17:55:10.113 INFO [main] org.apache.catalina.startup.VersionLoggerListener.log Command line argument: -Djava.protocol.handler.pkgs=org.apache.catalina.webresources
29-Jan-2020 17:55:10.113 INFO [main] org.apache.catalina.startup.VersionLoggerListener.log Command line argument: -Dorg.apache.catalina.security.SecurityListener.UMASK=0027
29-Jan-2020 17:55:10.113 INFO [main] org.apache.catalina.startup.VersionLoggerListener.log Command line argument: -Dignore.endorsed.dirs=
29-Jan-2020 17:55:10.113 INFO [main] org.apache.catalina.startup.VersionLoggerListener.log Command line argument: -Dcatalina.base=/opt/apache-tomcat-8.5.50
29-Jan-2020 17:55:10.113 INFO [main] org.apache.catalina.startup.VersionLoggerListener.log Command line argument: -Dcatalina.home=/opt/apache-tomcat-8.5.50
29-Jan-2020 17:55:10.114 INFO [main] org.apache.catalina.startup.VersionLoggerListener.log Command line argument: -Djava.io.tmpdir=/opt/apache-tomcat-8.5.50/temp
29-Jan-2020 17:55:10.114 INFO [main] org.apache.catalina.core.AprLifecycleListener.lifecycleEvent The APR based Apache Tomcat Native library which allows optimal performance in production environments was not found on the java.library.path: [/usr/java/packages/lib/amd64:/usr/lib64:/lib64:/lib:/usr/lib]
29-Jan-2020 17:55:10.159 INFO [main] org.apache.coyote.AbstractProtocol.init Initializing ProtocolHandler ["http-nio-8080"]
29-Jan-2020 17:55:10.167 INFO [main] org.apache.tomcat.util.net.NioSelectorPool.getSharedSelector Using a shared selector for servlet write/read
29-Jan-2020 17:55:10.175 INFO [main] org.apache.coyote.AbstractProtocol.init Initializing ProtocolHandler ["ajp-nio-8009"]
29-Jan-2020 17:55:10.175 INFO [main] org.apache.tomcat.util.net.NioSelectorPool.getSharedSelector Using a shared selector for servlet write/read
29-Jan-2020 17:55:10.180 INFO [main] org.apache.catalina.startup.Catalina.load Initialization processed in 335 ms
29-Jan-2020 17:55:10.200 INFO [main] org.apache.catalina.core.StandardService.startInternal Starting service [Catalina]
29-Jan-2020 17:55:10.200 INFO [main] org.apache.catalina.core.StandardEngine.startInternal Starting Servlet Engine: Apache Tomcat/8.5.50
29-Jan-2020 17:55:10.208 INFO [localhost-startStop-1] org.apache.catalina.startup.HostConfig.deployDirectory Deploying web application directory [/opt/apache-tomcat-8.5.50/webapps/ROOT]
29-Jan-2020 17:55:10.381 INFO [localhost-startStop-1] org.apache.catalina.startup.HostConfig.deployDirectory Deployment of web application directory [/opt/apache-tomcat-8.5.50/webapps/ROOT] has finished in [173] ms
29-Jan-2020 17:55:10.381 INFO [localhost-startStop-1] org.apache.catalina.startup.HostConfig.deployDirectory Deploying web application directory [/opt/apache-tomcat-8.5.50/webapps/docs]
29-Jan-2020 17:55:10.389 INFO [localhost-startStop-1] org.apache.catalina.startup.HostConfig.deployDirectory Deployment of web application directory [/opt/apache-tomcat-8.5.50/webapps/docs] has finished in [8] ms
29-Jan-2020 17:55:10.390 INFO [localhost-startStop-1] org.apache.catalina.startup.HostConfig.deployDirectory Deploying web application directory [/opt/apache-tomcat-8.5.50/webapps/examples]
29-Jan-2020 17:55:10.526 INFO [localhost-startStop-1] org.apache.catalina.startup.HostConfig.deployDirectory Deployment of web application directory [/opt/apache-tomcat-8.5.50/webapps/examples] has finished in [136] ms
29-Jan-2020 17:55:10.526 INFO [localhost-startStop-1] org.apache.catalina.startup.HostConfig.deployDirectory Deploying web application directory [/opt/apache-tomcat-8.5.50/webapps/host-manager]
29-Jan-2020 17:55:10.545 INFO [localhost-startStop-1] org.apache.catalina.startup.HostConfig.deployDirectory Deployment of web application directory [/opt/apache-tomcat-8.5.50/webapps/host-manager] has finished in [19] ms
29-Jan-2020 17:55:10.545 INFO [localhost-startStop-1] org.apache.catalina.startup.HostConfig.deployDirectory Deploying web application directory [/opt/apache-tomcat-8.5.50/webapps/manager]
29-Jan-2020 17:55:10.616 INFO [localhost-startStop-1] org.apache.catalina.startup.HostConfig.deployDirectory Deployment of web application directory [/opt/apache-tomcat-8.5.50/webapps/manager] has finished in [71] ms
29-Jan-2020 17:55:10.618 INFO [main] org.apache.coyote.AbstractProtocol.start Starting ProtocolHandler ["http-nio-8080"]
29-Jan-2020 17:55:10.627 INFO [main] org.apache.coyote.AbstractProtocol.start Starting ProtocolHandler ["ajp-nio-8009"]
29-Jan-2020 17:55:10.629 INFO [main] org.apache.catalina.startup.Catalina.start Server startup in 448 ms
29-Jan-2020 18:26:01.880 INFO [http-nio-8080-exec-2] org.apache.coyote.http11.Http11Processor.service Error parsing HTTP request header
 Note: further occurrences of HTTP request parsing errors will be logged at DEBUG level.
	java.lang.IllegalArgumentException: Invalid character found in method name. HTTP method names must be tokens
		at org.apache.coyote.http11.Http11InputBuffer.parseRequestLine(Http11InputBuffer.java:430)
		at org.apache.coyote.http11.Http11Processor.service(Http11Processor.java:502)
		at org.apache.coyote.AbstractProcessorLight.process(AbstractProcessorLight.java:65)
		at org.apache.coyote.AbstractProtocol$ConnectionHandler.process(AbstractProtocol.java:810)
		at org.apache.tomcat.util.net.NioEndpoint$SocketProcessor.doRun(NioEndpoint.java:1623)
		at org.apache.tomcat.util.net.SocketProcessorBase.run(SocketProcessorBase.java:49)
		at java.util.concurrent.ThreadPoolExecutor.runWorker(ThreadPoolExecutor.java:1149)
		at java.util.concurrent.ThreadPoolExecutor$Worker.run(ThreadPoolExecutor.java:624)
		at org.apache.tomcat.util.threads.TaskThread$WrappingRunnable.run(TaskThread.java:61)
		at java.lang.Thread.run(Thread.java:748)
29-Jan-2020 18:37:30.801 INFO [ContainerBackgroundProcessor[StandardEngine[Catalina]]] org.apache.catalina.users.MemoryUserDatabase.backgroundProcess Reloading memory user database [UserDatabase] from updated source [file:/opt/apache-tomcat-8.5.50/conf/tomcat-users.xml]
29-Jan-2020 18:37:40.802 INFO [ContainerBackgroundProcessor[StandardEngine[Catalina]]] org.apache.catalina.users.MemoryUserDatabase.backgroundProcess Reloading memory user database [UserDatabase] from updated source [file:/opt/apache-tomcat-8.5.50/conf/tomcat-users.xml]
29-Jan-2020 18:37:42.434 INFO [main] org.apache.catalina.core.StandardServer.await A valid shutdown command was received via the shutdown port. Stopping the Server instance.
29-Jan-2020 18:37:42.435 INFO [main] org.apache.coyote.AbstractProtocol.pause Pausing ProtocolHandler ["http-nio-8080"]
29-Jan-2020 18:37:42.442 INFO [main] org.apache.coyote.AbstractProtocol.pause Pausing ProtocolHandler ["ajp-nio-8009"]
29-Jan-2020 18:37:42.447 INFO [main] org.apache.catalina.core.StandardService.stopInternal Stopping service [Catalina]
29-Jan-2020 18:37:42.459 INFO [main] org.apache.coyote.AbstractProtocol.stop Stopping ProtocolHandler ["http-nio-8080"]
29-Jan-2020 18:37:42.461 INFO [main] org.apache.coyote.AbstractProtocol.stop Stopping ProtocolHandler ["ajp-nio-8009"]
29-Jan-2020 18:37:42.464 INFO [main] org.apache.coyote.AbstractProtocol.destroy Destroying ProtocolHandler ["http-nio-8080"]
29-Jan-2020 18:37:42.465 INFO [main] org.apache.coyote.AbstractProtocol.destroy Destroying ProtocolHandler ["ajp-nio-8009"]
29-Jan-2020 18:37:52.900 INFO [main] org.apache.catalina.startup.VersionLoggerListener.log Server version name:   Apache Tomcat/8.5.50
29-Jan-2020 18:37:52.902 INFO [main] org.apache.catalina.startup.VersionLoggerListener.log Server built:          Dec 7 2019 19:19:46 UTC
29-Jan-2020 18:37:52.902 INFO [main] org.apache.catalina.startup.VersionLoggerListener.log Server version number: 8.5.50.0
29-Jan-2020 18:37:52.903 INFO [main] org.apache.catalina.startup.VersionLoggerListener.log OS Name:               Linux
29-Jan-2020 18:37:52.903 INFO [main] org.apache.catalina.startup.VersionLoggerListener.log OS Version:            3.10.0-1062.9.1.el7.x86_64
29-Jan-2020 18:37:52.903 INFO [main] org.apache.catalina.startup.VersionLoggerListener.log Architecture:          amd64
29-Jan-2020 18:37:52.903 INFO [main] org.apache.catalina.startup.VersionLoggerListener.log Java Home:             /usr/lib/jvm/java-1.8.0-openjdk-1.8.0.232.b09-0.el7_7.x86_64/jre
29-Jan-2020 18:37:52.903 INFO [main] org.apache.catalina.startup.VersionLoggerListener.log JVM Version:           1.8.0_232-b09
29-Jan-2020 18:37:52.903 INFO [main] org.apache.catalina.startup.VersionLoggerListener.log JVM Vendor:            Oracle Corporation
29-Jan-2020 18:37:52.903 INFO [main] org.apache.catalina.startup.VersionLoggerListener.log CATALINA_BASE:         /opt/apache-tomcat-8.5.50
29-Jan-2020 18:37:52.903 INFO [main] org.apache.catalina.startup.VersionLoggerListener.log CATALINA_HOME:         /opt/apache-tomcat-8.5.50
29-Jan-2020 18:37:52.903 INFO [main] org.apache.catalina.startup.VersionLoggerListener.log Command line argument: -Djava.util.logging.config.file=/opt/apache-tomcat-8.5.50/conf/logging.properties
29-Jan-2020 18:37:52.903 INFO [main] org.apache.catalina.startup.VersionLoggerListener.log Command line argument: -Djava.util.logging.manager=org.apache.juli.ClassLoaderLogManager
29-Jan-2020 18:37:52.903 INFO [main] org.apache.catalina.startup.VersionLoggerListener.log Command line argument: -Djdk.tls.ephemeralDHKeySize=2048
29-Jan-2020 18:37:52.903 INFO [main] org.apache.catalina.startup.VersionLoggerListener.log Command line argument: -Djava.protocol.handler.pkgs=org.apache.catalina.webresources
29-Jan-2020 18:37:52.903 INFO [main] org.apache.catalina.startup.VersionLoggerListener.log Command line argument: -Dorg.apache.catalina.security.SecurityListener.UMASK=0027
29-Jan-2020 18:37:52.903 INFO [main] org.apache.catalina.startup.VersionLoggerListener.log Command line argument: -Dignore.endorsed.dirs=
29-Jan-2020 18:37:52.903 INFO [main] org.apache.catalina.startup.VersionLoggerListener.log Command line argument: -Dcatalina.base=/opt/apache-tomcat-8.5.50
29-Jan-2020 18:37:52.903 INFO [main] org.apache.catalina.startup.VersionLoggerListener.log Command line argument: -Dcatalina.home=/opt/apache-tomcat-8.5.50
29-Jan-2020 18:37:52.904 INFO [main] org.apache.catalina.startup.VersionLoggerListener.log Command line argument: -Djava.io.tmpdir=/opt/apache-tomcat-8.5.50/temp
29-Jan-2020 18:37:52.904 INFO [main] org.apache.catalina.core.AprLifecycleListener.lifecycleEvent The APR based Apache Tomcat Native library which allows optimal performance in production environments was not found on the java.library.path: [/usr/java/packages/lib/amd64:/usr/lib64:/lib64:/lib:/usr/lib]
29-Jan-2020 18:37:52.961 INFO [main] org.apache.coyote.AbstractProtocol.init Initializing ProtocolHandler ["http-nio-8080"]
29-Jan-2020 18:37:52.969 INFO [main] org.apache.tomcat.util.net.NioSelectorPool.getSharedSelector Using a shared selector for servlet write/read
29-Jan-2020 18:37:52.976 INFO [main] org.apache.coyote.AbstractProtocol.init Initializing ProtocolHandler ["ajp-nio-8009"]
29-Jan-2020 18:37:52.980 INFO [main] org.apache.tomcat.util.net.NioSelectorPool.getSharedSelector Using a shared selector for servlet write/read
29-Jan-2020 18:37:52.981 INFO [main] org.apache.catalina.startup.Catalina.load Initialization processed in 354 ms
29-Jan-2020 18:37:53.002 INFO [main] org.apache.catalina.core.StandardService.startInternal Starting service [Catalina]
29-Jan-2020 18:37:53.003 INFO [main] org.apache.catalina.core.StandardEngine.startInternal Starting Servlet Engine: Apache Tomcat/8.5.50
29-Jan-2020 18:37:53.010 INFO [localhost-startStop-1] org.apache.catalina.startup.HostConfig.deployDirectory Deploying web application directory [/opt/apache-tomcat-8.5.50/webapps/ROOT]
29-Jan-2020 18:37:53.164 INFO [localhost-startStop-1] org.apache.catalina.startup.HostConfig.deployDirectory Deployment of web application directory [/opt/apache-tomcat-8.5.50/webapps/ROOT] has finished in [153] ms
29-Jan-2020 18:37:53.164 INFO [localhost-startStop-1] org.apache.catalina.startup.HostConfig.deployDirectory Deploying web application directory [/opt/apache-tomcat-8.5.50/webapps/docs]
29-Jan-2020 18:37:53.175 INFO [localhost-startStop-1] org.apache.catalina.startup.HostConfig.deployDirectory Deployment of web application directory [/opt/apache-tomcat-8.5.50/webapps/docs] has finished in [11] ms
29-Jan-2020 18:37:53.175 INFO [localhost-startStop-1] org.apache.catalina.startup.HostConfig.deployDirectory Deploying web application directory [/opt/apache-tomcat-8.5.50/webapps/examples]
29-Jan-2020 18:37:53.306 INFO [localhost-startStop-1] org.apache.catalina.startup.HostConfig.deployDirectory Deployment of web application directory [/opt/apache-tomcat-8.5.50/webapps/examples] has finished in [131] ms
29-Jan-2020 18:37:53.306 INFO [localhost-startStop-1] org.apache.catalina.startup.HostConfig.deployDirectory Deploying web application directory [/opt/apache-tomcat-8.5.50/webapps/host-manager]
29-Jan-2020 18:37:53.317 INFO [localhost-startStop-1] org.apache.catalina.startup.HostConfig.deployDirectory Deployment of web application directory [/opt/apache-tomcat-8.5.50/webapps/host-manager] has finished in [11] ms
29-Jan-2020 18:37:53.317 INFO [localhost-startStop-1] org.apache.catalina.startup.HostConfig.deployDirectory Deploying web application directory [/opt/apache-tomcat-8.5.50/webapps/manager]
29-Jan-2020 18:37:53.332 INFO [localhost-startStop-1] org.apache.catalina.startup.HostConfig.deployDirectory Deployment of web application directory [/opt/apache-tomcat-8.5.50/webapps/manager] has finished in [15] ms
29-Jan-2020 18:37:53.333 INFO [main] org.apache.coyote.AbstractProtocol.start Starting ProtocolHandler ["http-nio-8080"]
29-Jan-2020 18:37:53.348 INFO [main] org.apache.coyote.AbstractProtocol.start Starting ProtocolHandler ["ajp-nio-8009"]
29-Jan-2020 18:37:53.350 INFO [main] org.apache.catalina.startup.Catalina.start Server startup in 368 ms
